{"/Users/maksim01/Desktop/netologyHomeWork/testing-dz/src/js/widget.js": {"path":"/Users/maksim01/Desktop/netologyHomeWork/testing-dz/src/js/widget.js","statementMap":{"0":{"start":{"line":3,"column":4},"end":{"line":5,"column":5}},"1":{"start":{"line":4,"column":6},"end":{"line":4,"column":42}},"2":{"start":{"line":6,"column":4},"end":{"line":6,"column":22}},"3":{"start":{"line":7,"column":4},"end":{"line":7,"column":47}},"4":{"start":{"line":8,"column":4},"end":{"line":8,"column":45}},"5":{"start":{"line":9,"column":4},"end":{"line":9,"column":49}},"6":{"start":{"line":10,"column":4},"end":{"line":10,"column":47}},"7":{"start":{"line":11,"column":4},"end":{"line":11,"column":47}},"8":{"start":{"line":12,"column":4},"end":{"line":12,"column":51}},"9":{"start":{"line":16,"column":4},"end":{"line":35,"column":10}},"10":{"start":{"line":39,"column":4},"end":{"line":39,"column":26}},"11":{"start":{"line":43,"column":4},"end":{"line":43,"column":27}},"12":{"start":{"line":47,"column":4},"end":{"line":47,"column":18}},"13":{"start":{"line":51,"column":4},"end":{"line":51,"column":45}},"14":{"start":{"line":53,"column":4},"end":{"line":53,"column":58}},"15":{"start":{"line":54,"column":4},"end":{"line":54,"column":63}},"16":{"start":{"line":55,"column":4},"end":{"line":55,"column":65}},"17":{"start":{"line":57,"column":4},"end":{"line":57,"column":56}},"18":{"start":{"line":61,"column":4},"end":{"line":61,"column":23}},"19":{"start":{"line":63,"column":4},"end":{"line":67,"column":5}},"20":{"start":{"line":64,"column":6},"end":{"line":64,"column":35}},"21":{"start":{"line":65,"column":6},"end":{"line":65,"column":28}},"22":{"start":{"line":66,"column":6},"end":{"line":66,"column":19}},"23":{"start":{"line":69,"column":4},"end":{"line":69,"column":21}},"24":{"start":{"line":71,"column":4},"end":{"line":76,"column":5}},"25":{"start":{"line":72,"column":6},"end":{"line":72,"column":32}},"26":{"start":{"line":74,"column":6},"end":{"line":74,"column":28}},"27":{"start":{"line":75,"column":6},"end":{"line":75,"column":19}},"28":{"start":{"line":78,"column":4},"end":{"line":78,"column":96}},"29":{"start":{"line":79,"column":4},"end":{"line":79,"column":74}},"30":{"start":{"line":80,"column":4},"end":{"line":80,"column":26}},"31":{"start":{"line":82,"column":4},"end":{"line":82,"column":16}},"32":{"start":{"line":86,"column":4},"end":{"line":88,"column":5}},"33":{"start":{"line":87,"column":6},"end":{"line":87,"column":19}},"34":{"start":{"line":90,"column":4},"end":{"line":92,"column":5}},"35":{"start":{"line":91,"column":6},"end":{"line":91,"column":24}},"36":{"start":{"line":94,"column":4},"end":{"line":96,"column":5}},"37":{"start":{"line":95,"column":6},"end":{"line":95,"column":22}},"38":{"start":{"line":98,"column":4},"end":{"line":100,"column":5}},"39":{"start":{"line":99,"column":6},"end":{"line":99,"column":20}},"40":{"start":{"line":102,"column":4},"end":{"line":104,"column":5}},"41":{"start":{"line":103,"column":6},"end":{"line":103,"column":20}},"42":{"start":{"line":106,"column":4},"end":{"line":108,"column":5}},"43":{"start":{"line":107,"column":6},"end":{"line":107,"column":27}},"44":{"start":{"line":110,"column":4},"end":{"line":110,"column":21}},"45":{"start":{"line":114,"column":4},"end":{"line":116,"column":5}},"46":{"start":{"line":115,"column":6},"end":{"line":115,"column":73}},"47":{"start":{"line":120,"column":4},"end":{"line":123,"column":5}},"48":{"start":{"line":121,"column":6},"end":{"line":121,"column":97}},"49":{"start":{"line":122,"column":6},"end":{"line":122,"column":66}},"50":{"start":{"line":125,"column":4},"end":{"line":128,"column":5}},"51":{"start":{"line":126,"column":6},"end":{"line":126,"column":89}},"52":{"start":{"line":127,"column":6},"end":{"line":127,"column":66}},"53":{"start":{"line":132,"column":4},"end":{"line":132,"column":111}},"54":{"start":{"line":133,"column":4},"end":{"line":133,"column":64}}},"fnMap":{"0":{"name":"(anonymous_0)","decl":{"start":{"line":2,"column":2},"end":{"line":2,"column":3}},"loc":{"start":{"line":2,"column":20},"end":{"line":13,"column":3}},"line":2},"1":{"name":"(anonymous_1)","decl":{"start":{"line":15,"column":2},"end":{"line":15,"column":3}},"loc":{"start":{"line":15,"column":26},"end":{"line":36,"column":3}},"line":15},"2":{"name":"(anonymous_2)","decl":{"start":{"line":38,"column":2},"end":{"line":38,"column":3}},"loc":{"start":{"line":38,"column":24},"end":{"line":40,"column":3}},"line":38},"3":{"name":"(anonymous_3)","decl":{"start":{"line":42,"column":2},"end":{"line":42,"column":3}},"loc":{"start":{"line":42,"column":29},"end":{"line":44,"column":3}},"line":42},"4":{"name":"(anonymous_4)","decl":{"start":{"line":46,"column":2},"end":{"line":46,"column":3}},"loc":{"start":{"line":46,"column":30},"end":{"line":48,"column":3}},"line":46},"5":{"name":"(anonymous_5)","decl":{"start":{"line":50,"column":2},"end":{"line":50,"column":3}},"loc":{"start":{"line":50,"column":14},"end":{"line":58,"column":3}},"line":50},"6":{"name":"(anonymous_6)","decl":{"start":{"line":60,"column":2},"end":{"line":60,"column":3}},"loc":{"start":{"line":60,"column":14},"end":{"line":83,"column":3}},"line":60},"7":{"name":"(anonymous_7)","decl":{"start":{"line":85,"column":2},"end":{"line":85,"column":3}},"loc":{"start":{"line":85,"column":20},"end":{"line":111,"column":3}},"line":85},"8":{"name":"(anonymous_8)","decl":{"start":{"line":113,"column":2},"end":{"line":113,"column":3}},"loc":{"start":{"line":113,"column":14},"end":{"line":117,"column":3}},"line":113},"9":{"name":"(anonymous_9)","decl":{"start":{"line":119,"column":2},"end":{"line":119,"column":3}},"loc":{"start":{"line":119,"column":19},"end":{"line":129,"column":3}},"line":119},"10":{"name":"(anonymous_10)","decl":{"start":{"line":131,"column":2},"end":{"line":131,"column":3}},"loc":{"start":{"line":131,"column":28},"end":{"line":134,"column":3}},"line":131}},"branchMap":{"0":{"loc":{"start":{"line":3,"column":4},"end":{"line":5,"column":5}},"type":"if","locations":[{"start":{"line":3,"column":4},"end":{"line":5,"column":5}},{"start":{},"end":{}}],"line":3},"1":{"loc":{"start":{"line":63,"column":4},"end":{"line":67,"column":5}},"type":"if","locations":[{"start":{"line":63,"column":4},"end":{"line":67,"column":5}},{"start":{},"end":{}}],"line":63},"2":{"loc":{"start":{"line":71,"column":4},"end":{"line":76,"column":5}},"type":"if","locations":[{"start":{"line":71,"column":4},"end":{"line":76,"column":5}},{"start":{},"end":{}}],"line":71},"3":{"loc":{"start":{"line":86,"column":4},"end":{"line":88,"column":5}},"type":"if","locations":[{"start":{"line":86,"column":4},"end":{"line":88,"column":5}},{"start":{},"end":{}}],"line":86},"4":{"loc":{"start":{"line":90,"column":4},"end":{"line":92,"column":5}},"type":"if","locations":[{"start":{"line":90,"column":4},"end":{"line":92,"column":5}},{"start":{},"end":{}}],"line":90},"5":{"loc":{"start":{"line":94,"column":4},"end":{"line":96,"column":5}},"type":"if","locations":[{"start":{"line":94,"column":4},"end":{"line":96,"column":5}},{"start":{},"end":{}}],"line":94},"6":{"loc":{"start":{"line":98,"column":4},"end":{"line":100,"column":5}},"type":"if","locations":[{"start":{"line":98,"column":4},"end":{"line":100,"column":5}},{"start":{},"end":{}}],"line":98},"7":{"loc":{"start":{"line":102,"column":4},"end":{"line":104,"column":5}},"type":"if","locations":[{"start":{"line":102,"column":4},"end":{"line":104,"column":5}},{"start":{},"end":{}}],"line":102},"8":{"loc":{"start":{"line":106,"column":4},"end":{"line":108,"column":5}},"type":"if","locations":[{"start":{"line":106,"column":4},"end":{"line":108,"column":5}},{"start":{},"end":{}}],"line":106},"9":{"loc":{"start":{"line":114,"column":4},"end":{"line":116,"column":5}},"type":"if","locations":[{"start":{"line":114,"column":4},"end":{"line":116,"column":5}},{"start":{},"end":{}}],"line":114},"10":{"loc":{"start":{"line":120,"column":4},"end":{"line":123,"column":5}},"type":"if","locations":[{"start":{"line":120,"column":4},"end":{"line":123,"column":5}},{"start":{},"end":{}}],"line":120},"11":{"loc":{"start":{"line":125,"column":4},"end":{"line":128,"column":5}},"type":"if","locations":[{"start":{"line":125,"column":4},"end":{"line":128,"column":5}},{"start":{},"end":{}}],"line":125}},"s":{"0":14,"1":13,"2":14,"3":14,"4":14,"5":14,"6":14,"7":14,"8":14,"9":9,"10":7,"11":7,"12":7,"13":7,"14":7,"15":7,"16":7,"17":7,"18":3,"19":3,"20":1,"21":1,"22":1,"23":2,"24":2,"25":1,"26":1,"27":1,"28":1,"29":1,"30":1,"31":1,"32":11,"33":1,"34":10,"35":1,"36":9,"37":4,"38":5,"39":1,"40":4,"41":1,"42":3,"43":1,"44":2,"45":3,"46":1,"47":2,"48":1,"49":1,"50":2,"51":1,"52":1,"53":2,"54":2},"f":{"0":14,"1":9,"2":7,"3":7,"4":7,"5":7,"6":3,"7":11,"8":3,"9":2,"10":2},"b":{"0":[13,1],"1":[1,2],"2":[1,1],"3":[1,10],"4":[1,9],"5":[4,5],"6":[1,4],"7":[1,3],"8":[1,2],"9":[1,2],"10":[1,1],"11":[1,1]},"_coverageSchema":"1a1c01bbd47fc00a2c39e90264f33305004495a9","hash":"1c59b8127c868284ac09cb97c1ce8fb638fe509c"}
}
