TN:
SF:src/js/widget.js
FN:2,(anonymous_0)
FN:15,(anonymous_1)
FN:38,(anonymous_2)
FN:42,(anonymous_3)
FN:46,(anonymous_4)
FN:50,(anonymous_5)
FN:60,(anonymous_6)
FN:85,(anonymous_7)
FN:113,(anonymous_8)
FN:119,(anonymous_9)
FN:131,(anonymous_10)
FNF:11
FNH:11
FNDA:14,(anonymous_0)
FNDA:9,(anonymous_1)
FNDA:7,(anonymous_2)
FNDA:7,(anonymous_3)
FNDA:7,(anonymous_4)
FNDA:7,(anonymous_5)
FNDA:3,(anonymous_6)
FNDA:11,(anonymous_7)
FNDA:3,(anonymous_8)
FNDA:2,(anonymous_9)
FNDA:2,(anonymous_10)
DA:3,14
DA:4,13
DA:6,14
DA:7,14
DA:8,14
DA:9,14
DA:10,14
DA:11,14
DA:12,14
DA:16,9
DA:39,7
DA:43,7
DA:47,7
DA:51,7
DA:53,7
DA:54,7
DA:55,7
DA:57,7
DA:61,3
DA:63,3
DA:64,1
DA:65,1
DA:66,1
DA:69,2
DA:71,2
DA:72,1
DA:74,1
DA:75,1
DA:78,1
DA:79,1
DA:80,1
DA:82,1
DA:86,11
DA:87,1
DA:90,10
DA:91,1
DA:94,9
DA:95,4
DA:98,5
DA:99,1
DA:102,4
DA:103,1
DA:106,3
DA:107,1
DA:110,2
DA:114,3
DA:115,1
DA:120,2
DA:121,1
DA:122,1
DA:125,2
DA:126,1
DA:127,1
DA:132,2
DA:133,2
LF:55
LH:55
BRDA:3,0,0,13
BRDA:3,0,1,1
BRDA:63,1,0,1
BRDA:63,1,1,2
BRDA:71,2,0,1
BRDA:71,2,1,1
BRDA:86,3,0,1
BRDA:86,3,1,10
BRDA:90,4,0,1
BRDA:90,4,1,9
BRDA:94,5,0,4
BRDA:94,5,1,5
BRDA:98,6,0,1
BRDA:98,6,1,4
BRDA:102,7,0,1
BRDA:102,7,1,3
BRDA:106,8,0,1
BRDA:106,8,1,2
BRDA:114,9,0,1
BRDA:114,9,1,2
BRDA:120,10,0,1
BRDA:120,10,1,1
BRDA:125,11,0,1
BRDA:125,11,1,1
BRF:24
BRH:24
end_of_record
